<?xml version="1.0" encoding="UTF-8"?>
<!-- Generated by org.testng.reporters.JUnitXMLReporter -->
<testsuite hostname="LAPTOP-JASVJJ2C" name="Default test" tests="3" failures="0" timestamp="28 Sep 2019 06:24:26 GMT" time="28.389" errors="0">
  <testcase name="browser" time="7.356" classname="com.flipkart.Flipkart"/>
  <testcase name="login" time="0.951" classname="com.flipkart.Flipkart"/>
  <testcase name="cart" time="19.37" classname="com.flipkart.Flipkart"/>
</testsuite> <!-- Default test -->
